2025-01-07 04:34:25,847 :INFO : test_women :getting all the tops name
2025-01-07 04:34:52,148 :INFO : test_women :getting all the tops name
2025-01-07 04:35:08,134 :INFO : test_women :getting all the tops name
2025-01-07 04:35:21,763 :INFO : test_women :getting all the tops name
2025-01-07 04:35:24,049 :INFO : test_women :Getting description of selected top
2025-01-07 04:35:24,064 :INFO : test_women :getting details of tops price in cart 
2025-01-07 04:38:03,223 :INFO : test_women :getting all the tops name
2025-01-07 04:38:03,241 :INFO : test_women :Blue Top
2025-01-07 04:38:03,251 :INFO : test_women :Winter Top
2025-01-07 04:38:03,263 :INFO : test_women :Summer White Top
2025-01-07 04:38:03,278 :INFO : test_women :Madame Top For Women
2025-01-07 04:38:03,289 :INFO : test_women :Fancy Green Top
2025-01-07 04:38:03,301 :INFO : test_women :Lace Top For Women
2025-01-07 04:38:04,790 :INFO : test_women :Getting description of selected top
2025-01-07 04:38:04,810 :INFO : test_women :getting details of tops price in cart 
2025-01-07 04:39:10,524 :INFO : test_women :getting all the tops name
2025-01-07 04:39:10,573 :INFO : test_women :Blue Top
2025-01-07 04:39:10,586 :INFO : test_women :Men Tshirt
2025-01-07 04:39:10,600 :INFO : test_women :Sleeveless Dress
2025-01-07 04:39:10,613 :INFO : test_women :Stylish Dress
2025-01-07 04:39:10,625 :INFO : test_women :Winter Top
2025-01-07 04:39:10,639 :INFO : test_women :Summer White Top
2025-01-07 04:39:10,651 :INFO : test_women :Madame Top For Women
2025-01-07 04:39:10,662 :INFO : test_women :Fancy Green Top
2025-01-07 04:39:10,703 :INFO : test_women :Sleeves Printed Top - White
2025-01-07 04:39:10,717 :INFO : test_women :Half Sleeves Top Schiffli Detailing - Pink
2025-01-07 04:39:10,740 :INFO : test_women :Frozen Tops For Kids
2025-01-07 04:39:10,763 :INFO : test_women :Full Sleeves Top Cherry - Pink
2025-01-07 04:39:10,779 :INFO : test_women :Printed Off Shoulder Top - White
2025-01-07 04:39:10,795 :INFO : test_women :Sleeves Top and Short - Blue & Pink
2025-01-07 04:39:10,810 :INFO : test_women :Little Girls Mr. Panda Shirt
2025-01-07 04:39:10,823 :INFO : test_women :Sleeveless Unicorn Patch Gown - Pink
2025-01-07 04:39:10,836 :INFO : test_women :Cotton Mull Embroidered Dress
2025-01-07 04:39:10,852 :INFO : test_women :Blue Cotton Indie Mickey Dress
2025-01-07 04:39:10,883 :INFO : test_women :Long Maxi Tulle Fancy Dress Up Outfits -Pink
2025-01-07 04:39:10,906 :INFO : test_women :Sleeveless Unicorn Print Fit & Flare Net Dress - Multi
2025-01-07 04:39:10,923 :INFO : test_women :Colour Blocked Shirt – Sky Blue
2025-01-07 04:39:10,945 :INFO : test_women :Pure Cotton V-Neck T-Shirt
2025-01-07 04:39:10,964 :INFO : test_women :Green Side Placket Detail T-Shirt
2025-01-07 04:39:10,983 :INFO : test_women :Premium Polo T-Shirts
2025-01-07 04:39:10,997 :INFO : test_women :Pure Cotton Neon Green Tshirt
2025-01-07 04:39:11,009 :INFO : test_women :Soft Stretch Jeans
2025-01-07 04:39:11,020 :INFO : test_women :Regular Fit Straight Jeans
2025-01-07 04:39:11,034 :INFO : test_women :Grunt Blue Slim Fit Jeans
2025-01-07 04:39:11,049 :INFO : test_women :Rose Pink Embroidered Maxi Dress
2025-01-07 04:39:11,061 :INFO : test_women :Cotton Silk Hand Block Print Saree
2025-01-07 04:39:11,075 :INFO : test_women :Rust Red Linen Saree
2025-01-07 04:39:11,091 :INFO : test_women :Beautiful Peacock Blue Cotton Linen Saree
2025-01-07 04:39:11,104 :INFO : test_women :Lace Top For Women
2025-01-07 04:39:34,170 :INFO : test_women :getting all the tops name
2025-01-07 04:39:34,187 :INFO : test_women :Blue Top
2025-01-07 04:39:34,196 :INFO : test_women :Winter Top
2025-01-07 04:39:34,207 :INFO : test_women :Summer White Top
2025-01-07 04:39:34,218 :INFO : test_women :Madame Top For Women
2025-01-07 04:39:34,228 :INFO : test_women :Fancy Green Top
2025-01-07 04:39:34,248 :INFO : test_women :Lace Top For Women
2025-01-07 04:39:36,548 :INFO : test_women :Getting description of selected top
2025-01-07 04:41:48,053 :INFO : test_women :getting all the tops name
2025-01-07 04:41:48,079 :INFO : test_women :Blue Top
2025-01-07 04:41:48,094 :INFO : test_women :Men Tshirt
2025-01-07 04:41:48,107 :INFO : test_women :Sleeveless Dress
2025-01-07 04:41:48,118 :INFO : test_women :Stylish Dress
2025-01-07 04:41:48,130 :INFO : test_women :Winter Top
2025-01-07 04:41:48,142 :INFO : test_women :Summer White Top
2025-01-07 04:41:48,153 :INFO : test_women :Madame Top For Women
2025-01-07 04:41:48,164 :INFO : test_women :Fancy Green Top
2025-01-07 04:41:48,178 :INFO : test_women :Sleeves Printed Top - White
2025-01-07 04:41:48,195 :INFO : test_women :Half Sleeves Top Schiffli Detailing - Pink
2025-01-07 04:41:48,221 :INFO : test_women :Frozen Tops For Kids
2025-01-07 04:41:48,252 :INFO : test_women :Full Sleeves Top Cherry - Pink
2025-01-07 04:41:48,266 :INFO : test_women :Printed Off Shoulder Top - White
2025-01-07 04:41:48,282 :INFO : test_women :Sleeves Top and Short - Blue & Pink
2025-01-07 04:41:48,294 :INFO : test_women :Little Girls Mr. Panda Shirt
2025-01-07 04:41:48,305 :INFO : test_women :Sleeveless Unicorn Patch Gown - Pink
2025-01-07 04:41:48,316 :INFO : test_women :Cotton Mull Embroidered Dress
2025-01-07 04:41:48,326 :INFO : test_women :Blue Cotton Indie Mickey Dress
2025-01-07 04:41:48,337 :INFO : test_women :Long Maxi Tulle Fancy Dress Up Outfits -Pink
2025-01-07 04:41:48,350 :INFO : test_women :Sleeveless Unicorn Print Fit & Flare Net Dress - Multi
2025-01-07 04:41:48,365 :INFO : test_women :Colour Blocked Shirt – Sky Blue
2025-01-07 04:41:48,387 :INFO : test_women :Pure Cotton V-Neck T-Shirt
2025-01-07 04:41:48,399 :INFO : test_women :Green Side Placket Detail T-Shirt
2025-01-07 04:41:48,409 :INFO : test_women :Premium Polo T-Shirts
2025-01-07 04:41:48,420 :INFO : test_women :Pure Cotton Neon Green Tshirt
2025-01-07 04:41:48,432 :INFO : test_women :Soft Stretch Jeans
2025-01-07 04:41:48,443 :INFO : test_women :Regular Fit Straight Jeans
2025-01-07 04:41:48,454 :INFO : test_women :Grunt Blue Slim Fit Jeans
2025-01-07 04:41:48,475 :INFO : test_women :Rose Pink Embroidered Maxi Dress
2025-01-07 04:41:48,487 :INFO : test_women :Cotton Silk Hand Block Print Saree
2025-01-07 04:41:48,499 :INFO : test_women :Rust Red Linen Saree
2025-01-07 04:41:48,513 :INFO : test_women :Beautiful Peacock Blue Cotton Linen Saree
2025-01-07 04:41:48,526 :INFO : test_women :Lace Top For Women
2025-01-07 04:42:08,892 :INFO : test_women :getting all the tops name
2025-01-07 04:42:08,910 :INFO : test_women :Blue Top
2025-01-07 04:42:08,924 :INFO : test_women :Winter Top
2025-01-07 04:42:08,938 :INFO : test_women :Summer White Top
2025-01-07 04:42:08,950 :INFO : test_women :Madame Top For Women
2025-01-07 04:42:08,961 :INFO : test_women :Fancy Green Top
2025-01-07 04:42:08,972 :INFO : test_women :Lace Top For Women
2025-01-07 04:42:11,345 :INFO : test_women :Getting description of selected top
2025-01-07 04:42:11,345 :INFO : test_women :Lace Top For Women
Women > Tops
2025-01-07 04:42:11,358 :INFO : test_women :getting details of tops price in cart 
2025-01-07 04:42:11,358 :INFO : test_women :Rs. 1400
2025-01-07 04:59:02,861 :INFO : test_women :getting all the tops name
2025-01-07 04:59:02,880 :INFO : test_women :Blue Top
2025-01-07 04:59:02,892 :INFO : test_women :Winter Top
2025-01-07 04:59:02,903 :INFO : test_women :Summer White Top
2025-01-07 04:59:02,913 :INFO : test_women :Madame Top For Women
2025-01-07 04:59:02,923 :INFO : test_women :Fancy Green Top
2025-01-07 04:59:02,934 :INFO : test_women :Lace Top For Women
2025-01-07 04:59:04,914 :INFO : test_women :Getting description of selected top
2025-01-07 04:59:04,915 :INFO : test_women :Lace Top For Women
Women > Tops
2025-01-07 04:59:04,927 :INFO : test_women :getting details of tops price in cart 
2025-01-07 04:59:04,927 :INFO : test_women :Rs. 1400
2025-01-07 05:00:12,191 :INFO : test_women :getting all the tops name
2025-01-07 05:00:12,226 :INFO : test_women :Blue Top
2025-01-07 05:00:12,242 :INFO : test_women :Men Tshirt
2025-01-07 05:00:12,266 :INFO : test_women :Sleeveless Dress
2025-01-07 05:00:12,279 :INFO : test_women :Stylish Dress
2025-01-07 05:00:12,295 :INFO : test_women :Winter Top
2025-01-07 05:00:12,318 :INFO : test_women :Summer White Top
2025-01-07 05:00:12,329 :INFO : test_women :Madame Top For Women
2025-01-07 05:00:12,343 :INFO : test_women :Fancy Green Top
2025-01-07 05:00:12,355 :INFO : test_women :Sleeves Printed Top - White
2025-01-07 05:00:12,386 :INFO : test_women :Half Sleeves Top Schiffli Detailing - Pink
2025-01-07 05:00:12,406 :INFO : test_women :Frozen Tops For Kids
2025-01-07 05:00:12,430 :INFO : test_women :Full Sleeves Top Cherry - Pink
2025-01-07 05:00:12,451 :INFO : test_women :Printed Off Shoulder Top - White
2025-01-07 05:00:12,462 :INFO : test_women :Sleeves Top and Short - Blue & Pink
2025-01-07 05:00:12,475 :INFO : test_women :Little Girls Mr. Panda Shirt
2025-01-07 05:00:12,487 :INFO : test_women :Sleeveless Unicorn Patch Gown - Pink
2025-01-07 05:00:12,500 :INFO : test_women :Cotton Mull Embroidered Dress
2025-01-07 05:00:12,511 :INFO : test_women :Blue Cotton Indie Mickey Dress
2025-01-07 05:00:12,528 :INFO : test_women :Long Maxi Tulle Fancy Dress Up Outfits -Pink
2025-01-07 05:00:12,559 :INFO : test_women :Sleeveless Unicorn Print Fit & Flare Net Dress - Multi
2025-01-07 05:00:12,586 :INFO : test_women :Colour Blocked Shirt – Sky Blue
2025-01-07 05:00:12,601 :INFO : test_women :Pure Cotton V-Neck T-Shirt
2025-01-07 05:00:12,618 :INFO : test_women :Green Side Placket Detail T-Shirt
2025-01-07 05:00:12,632 :INFO : test_women :Premium Polo T-Shirts
2025-01-07 05:00:12,645 :INFO : test_women :Pure Cotton Neon Green Tshirt
2025-01-07 05:00:12,662 :INFO : test_women :Soft Stretch Jeans
2025-01-07 05:00:12,676 :INFO : test_women :Regular Fit Straight Jeans
2025-01-07 05:00:12,692 :INFO : test_women :Grunt Blue Slim Fit Jeans
2025-01-07 05:00:12,704 :INFO : test_women :Rose Pink Embroidered Maxi Dress
2025-01-07 05:00:12,720 :INFO : test_women :Cotton Silk Hand Block Print Saree
2025-01-07 05:00:12,735 :INFO : test_women :Rust Red Linen Saree
2025-01-07 05:00:12,746 :INFO : test_women :Beautiful Peacock Blue Cotton Linen Saree
2025-01-07 05:00:12,759 :INFO : test_women :Lace Top For Women
2025-01-07 05:01:14,858 :INFO : test_women :getting all the tops name
2025-01-07 05:01:14,880 :INFO : test_women :Blue Top
2025-01-07 05:01:14,896 :INFO : test_women :Men Tshirt
2025-01-07 05:01:14,913 :INFO : test_women :Sleeveless Dress
2025-01-07 05:01:14,927 :INFO : test_women :Stylish Dress
2025-01-07 05:01:14,940 :INFO : test_women :Winter Top
2025-01-07 05:01:14,955 :INFO : test_women :Summer White Top
2025-01-07 05:01:14,972 :INFO : test_women :Madame Top For Women
2025-01-07 05:01:14,986 :INFO : test_women :Fancy Green Top
2025-01-07 05:01:15,000 :INFO : test_women :Sleeves Printed Top - White
2025-01-07 05:01:15,013 :INFO : test_women :Half Sleeves Top Schiffli Detailing - Pink
2025-01-07 05:01:15,025 :INFO : test_women :Frozen Tops For Kids
2025-01-07 05:01:15,045 :INFO : test_women :Full Sleeves Top Cherry - Pink
2025-01-07 05:01:15,056 :INFO : test_women :Printed Off Shoulder Top - White
2025-01-07 05:01:15,067 :INFO : test_women :Sleeves Top and Short - Blue & Pink
2025-01-07 05:01:15,091 :INFO : test_women :Little Girls Mr. Panda Shirt
2025-01-07 05:01:15,105 :INFO : test_women :Sleeveless Unicorn Patch Gown - Pink
2025-01-07 05:01:15,118 :INFO : test_women :Cotton Mull Embroidered Dress
2025-01-07 05:01:15,132 :INFO : test_women :Blue Cotton Indie Mickey Dress
2025-01-07 05:01:15,146 :INFO : test_women :Long Maxi Tulle Fancy Dress Up Outfits -Pink
2025-01-07 05:01:15,157 :INFO : test_women :Sleeveless Unicorn Print Fit & Flare Net Dress - Multi
2025-01-07 05:01:15,169 :INFO : test_women :Colour Blocked Shirt – Sky Blue
2025-01-07 05:01:15,183 :INFO : test_women :Pure Cotton V-Neck T-Shirt
2025-01-07 05:01:15,198 :INFO : test_women :Green Side Placket Detail T-Shirt
2025-01-07 05:01:15,209 :INFO : test_women :Premium Polo T-Shirts
2025-01-07 05:01:15,221 :INFO : test_women :Pure Cotton Neon Green Tshirt
2025-01-07 05:01:15,234 :INFO : test_women :Soft Stretch Jeans
2025-01-07 05:01:15,246 :INFO : test_women :Regular Fit Straight Jeans
2025-01-07 05:01:15,258 :INFO : test_women :Grunt Blue Slim Fit Jeans
2025-01-07 05:01:15,269 :INFO : test_women :Rose Pink Embroidered Maxi Dress
2025-01-07 05:01:15,282 :INFO : test_women :Cotton Silk Hand Block Print Saree
2025-01-07 05:01:15,293 :INFO : test_women :Rust Red Linen Saree
2025-01-07 05:01:15,317 :INFO : test_women :Beautiful Peacock Blue Cotton Linen Saree
2025-01-07 05:01:15,329 :INFO : test_women :Lace Top For Women
2025-01-07 05:02:37,274 :INFO : test_women :getting all the tops name
2025-01-07 05:02:37,292 :INFO : test_women :Blue Top
2025-01-07 05:02:37,305 :INFO : test_women :Winter Top
2025-01-07 05:02:37,316 :INFO : test_women :Summer White Top
2025-01-07 05:02:37,330 :INFO : test_women :Madame Top For Women
2025-01-07 05:02:37,341 :INFO : test_women :Fancy Green Top
2025-01-07 05:02:37,354 :INFO : test_women :Lace Top For Women
2025-01-07 05:02:39,083 :INFO : test_women :Getting description of selected top
2025-01-07 05:02:39,083 :INFO : test_women :Lace Top For Women
Women > Tops
2025-01-07 05:02:39,096 :INFO : test_women :getting details of tops price in cart 
2025-01-07 05:02:39,096 :INFO : test_women :Rs. 1400
